Log file open, 05/01/16 20:15:08
LogInit:Display: Running engine for game: MiceGame
LogPlatformFile: Not using cached read wrapper
LogInit:Display: RandInit(-1914866122) SRandInit(-1914866120).
LogTaskGraph: Started task graph with 4 named threads and 7 total threads.
LogStats: Stats thread started at 0.065255
LogInit: Version: 4.11.2-2946394+++UE4+Release-4.11
LogInit: API Version: 2927265
LogInit: Compiled (64-bit): Apr 18 2016 02:18:46
LogInit: Compiled with Visual C++: 19.00.23026.00
LogInit: Build Configuration: Development
LogInit: Branch Name: ++UE4+Release-4.11
LogInit: Command line: -EpicPortal 
LogInit: Base directory: D:/unreal4/Epic Games/4.11/Engine/Binaries/Win64/
LogInit: Installed Engine Build: 1
LogInit: Using libcurl 7.41.0
LogInit:  - built for x86_64-pc-win32
LogInit:  - supports SSL with WinSSL
LogInit:  - other features:
LogInit:      CURL_VERSION_SSL
LogInit:      CURL_VERSION_IPV6
LogInit:      CURL_VERSION_ASYNCHDNS
LogInit:      CURL_VERSION_LARGEFILE
LogInit:      CURL_VERSION_IDN
LogInit:  CurlRequestOptions (configurable via config and command line):
LogInit:  - bVerifyPeer = true  - Libcurl will verify peer certificate
LogInit:  - bUseHttpProxy = false  - Libcurl will NOT use HTTP proxy
LogInit:  - bDontReuseConnections = false  - Libcurl will reuse connections
LogInit:  - CertBundlePath = nullptr  - Libcurl will use whatever was configured at build time.
LogInit: Presizing for max 16777216 objects, including 0 objects not considered by GC, pre-allocating 0 bytes for permanent pool.
LogInit: Object subsystem initialized
[2016.05.02-00.15.08:742][  0]LogInit: Selected Device Profile: [Windows]
[2016.05.02-00.15.08:742][  0]LogInit: Applying CVar settings loaded from the selected device profile: [Windows]
[2016.05.02-00.15.08:749][  0]LogInit: Computer: JEFFERY
[2016.05.02-00.15.08:749][  0]LogInit: User: dylin000
[2016.05.02-00.15.08:749][  0]LogInit: CPU Page size=65536, Cores=4
[2016.05.02-00.15.08:749][  0]LogInit: High frequency timer resolution =3.320313 MHz
[2016.05.02-00.15.08:749][  0]LogMemory: Memory total: Physical=15.9GB (16GB approx)
[2016.05.02-00.15.08:749][  0]LogMemory: Platform Memory Stats for Windows
[2016.05.02-00.15.08:749][  0]LogMemory: Process Physical Memory: 310.99 MB used, 310.99 MB peak
[2016.05.02-00.15.08:749][  0]LogMemory: Process Virtual Memory: 314.52 MB used, 314.52 MB peak
[2016.05.02-00.15.08:749][  0]LogMemory: Physical Memory: 8701.61 MB used, 16269.13 MB total
[2016.05.02-00.15.08:749][  0]LogMemory: Virtual Memory: 630.06 MB used, 134217728.00 MB total
[2016.05.02-00.15.08:775][  0]LogTextLocalizationManager: No specific translations for ('en-CA') exist, so ('en') translations will be used.
[2016.05.02-00.15.09:123][  0]LogD3D11RHI: D3D11 adapters:
[2016.05.02-00.15.09:138][  0]LogD3D11RHI:    0. 'NVIDIA GeForce GTX 970' (Feature Level 11_0)
[2016.05.02-00.15.09:138][  0]LogD3D11RHI:       3976MB of dedicated video memory, 0MB of dedicated system memory, and 8134MB of shared system memory, 1 output[s]
[2016.05.02-00.15.09:144][  0]LogD3D11RHI:    1. 'Intel(R) HD Graphics 4600' (Feature Level 11_0)
[2016.05.02-00.15.09:144][  0]LogD3D11RHI:       32MB of dedicated video memory, 0MB of dedicated system memory, and 1760MB of shared system memory, 0 output[s]
[2016.05.02-00.15.09:144][  0]LogD3D11RHI:    2. 'Microsoft Basic Render Driver' (Feature Level 11_0)
[2016.05.02-00.15.09:144][  0]LogD3D11RHI:       0MB of dedicated video memory, 0MB of dedicated system memory, and 256MB of shared system memory, 0 output[s]
[2016.05.02-00.15.09:144][  0]LogD3D11RHI: Chosen D3D11 Adapter: 0
[2016.05.02-00.15.09:148][  0]LogD3D11RHI: Creating new Direct3DDevice
[2016.05.02-00.15.09:148][  0]LogD3D11RHI:     Adapter Name: NVIDIA GeForce GTX 970
[2016.05.02-00.15.09:148][  0]LogD3D11RHI:   Driver Version: 10.18.13.5362 (internal 10.18.13.5362)
[2016.05.02-00.15.09:148][  0]LogD3D11RHI:      Driver Date: 7-22-2015
[2016.05.02-00.15.09:148][  0]LogRHI: Texture pool is 1361 MB (70% of 1945 MB)
[2016.05.02-00.15.09:156][  0]LogD3D11RHI: Async texture creation enabled
[2016.05.02-00.15.09:172][  0]LogShaderCompilers: Guid format shader working directory is -3 characters bigger than the processId version (C:/Users/dylin_000/Documents/GitHub/MiceGame/MiceGame/Intermediate/Shaders/WorkingDirectory/120/).
[2016.05.02-00.15.09:172][  0]LogShaderCompilers: Cleaned the shader compiler working directory 'C:/Users/DYLIN_~1/AppData/Local/Temp/UnrealShaderWorkingDir/64C2C4404F6ACACE8A0FE5BE56B1791B/'.
[2016.05.02-00.15.09:172][  0]LogShaderCompilers:Display: Using Local Shader Compiler.
[2016.05.02-00.15.10:056][  0]LogTemp:Display: Loaded TP AllDesktopTargetPlatform
[2016.05.02-00.15.10:059][  0]LogTemp:Display: Loaded TP WindowsClientTargetPlatform
[2016.05.02-00.15.10:061][  0]LogTemp:Display: Loaded TP WindowsNoEditorTargetPlatform
[2016.05.02-00.15.10:064][  0]LogTemp:Display: Loaded TP WindowsServerTargetPlatform
[2016.05.02-00.15.10:066][  0]LogTemp:Display: Loaded TP WindowsTargetPlatform
[2016.05.02-00.15.10:068][  0]LogTemp:Display: Loaded TP AndroidTargetPlatform
[2016.05.02-00.15.10:071][  0]LogTemp:Display: Loaded TP Android_ASTCTargetPlatform
[2016.05.02-00.15.10:073][  0]LogTemp:Display: Loaded TP Android_ATCTargetPlatform
[2016.05.02-00.15.10:075][  0]LogTemp:Display: Loaded TP Android_DXTTargetPlatform
[2016.05.02-00.15.10:077][  0]LogTemp:Display: Loaded TP Android_ETC1TargetPlatform
[2016.05.02-00.15.10:080][  0]LogTemp:Display: Loaded TP Android_ETC2TargetPlatform
[2016.05.02-00.15.10:084][  0]LogTemp:Display: Loaded TP Android_MultiTargetPlatform
[2016.05.02-00.15.10:084][  0]LogTemp:Display: Loaded TP Android_PVRTCTargetPlatform
[2016.05.02-00.15.10:085][  0]LogTemp:Display: Loaded TP HTML5TargetPlatform
[2016.05.02-00.15.10:100][  0]LogTemp:Display: Loaded TP IOSTargetPlatform
[2016.05.02-00.15.10:102][  0]LogTemp:Display: Loaded TP TVOSTargetPlatform
[2016.05.02-00.15.10:104][  0]LogTemp:Display: Loaded TP LinuxNoEditorTargetPlatform
[2016.05.02-00.15.10:107][  0]LogTemp:Display: Loaded TP LinuxServerTargetPlatform
[2016.05.02-00.15.10:109][  0]LogTemp:Display: Loaded TP LinuxTargetPlatform
[2016.05.02-00.15.10:109][  0]LogTargetPlatformManager:Display: Building Assets For Windows
[2016.05.02-00.15.10:147][  0]LogDerivedDataCache:Display: Max Cache Size: 512 MB
[2016.05.02-00.15.10:189][  0]LogDerivedDataCache: Loaded boot cache 0.04s 46MB C:/Users/dylin_000/AppData/Local/UnrealEngine/4.11/DerivedDataCache/Boot.ddc.
[2016.05.02-00.15.10:189][  0]LogDerivedDataCache:Display: Loaded Boot cache: C:/Users/dylin_000/AppData/Local/UnrealEngine/4.11/DerivedDataCache/Boot.ddc
[2016.05.02-00.15.10:189][  0]LogDerivedDataCache: FDerivedDataBackendGraph:  Pak pak cache file C:/Users/dylin_000/Documents/GitHub/MiceGame/MiceGame/DerivedDataCache/DDC.ddp not found, will not use a pak cache.
[2016.05.02-00.15.10:189][  0]LogDerivedDataCache: Unable to find inner node Pak for hierarchical cache Hierarchy.
[2016.05.02-00.15.10:189][  0]LogDerivedDataCache: FDerivedDataBackendGraph:  CompressedPak pak cache file C:/Users/dylin_000/Documents/GitHub/MiceGame/MiceGame/DerivedDataCache/Compressed.ddp not found, will not use a pak cache.
[2016.05.02-00.15.10:189][  0]LogDerivedDataCache: Unable to find inner node CompressedPak for hierarchical cache Hierarchy.
[2016.05.02-00.15.10:202][  0]LogDerivedDataCache:Display: Pak cache opened for reading ../../../Engine/DerivedDataCache/Compressed.ddp.
[2016.05.02-00.15.10:214][  0]LogDerivedDataCache: Using Local data cache path C:/Users/dylin_000/AppData/Local/UnrealEngine/Common/DerivedDataCache: Writable
[2016.05.02-00.15.10:338][  0]LogInit: Selected Device Profile: [Windows]
[2016.05.02-00.15.10:338][  0]LogContentStreaming: Texture pool size is 0.00 MB
[2016.05.02-00.15.10:363][  0]LogMaterial: Uniform references updated for custom material expression Custom.
[2016.05.02-00.15.10:463][  0]LogMeshUtilities: No automatic mesh reduction module available
[2016.05.02-00.15.10:463][  0]LogMeshUtilities: No automatic mesh merging module available
[2016.05.02-00.15.10:463][  0]LogMeshUtilities: No distributed automatic mesh merging module available
[2016.05.02-00.15.10:649][  0]LogUObjectArray: 27679 objects as part of root set at end of initial load.
[2016.05.02-00.15.10:649][  0]LogUObjectAllocator: 5591600 out of 0 bytes used by permanent object pool.
[2016.05.02-00.15.10:649][  0]LogUObjectArray: CloseDisregardForGC: 0/0 objects in disregard for GC pool
[2016.05.02-00.15.10:652][  0]LogInit: WinSock: version 1.1 (2.2), MaxSocks=32767, MaxUdp=65467
[2016.05.02-00.15.10:699][  0]LogSlate: SlateFontCache - WITH_FREETYPE: 1, WITH_HARFBUZZ: 1
[2016.05.02-00.15.10:699][  0]LogSlate: SlateFontCache - WITH_FREETYPE: 1, WITH_HARFBUZZ: 1
[2016.05.02-00.15.10:773][  0]LogStreaming:Warning: Failed to read file '../../../Engine/Content/Editor/Slate/Common/Selection_16x.png' error.
[2016.05.02-00.15.10:773][  0]LogSlate: Could not find file for Slate resource: ../../../Engine/Content/Editor/Slate/Common/Selection_16x.png
[2016.05.02-00.15.10:773][  0]LogStreaming:Warning: Failed to read file '../../../Engine/Content/Editor/Slate/Common/Selection_16x.png' error.
[2016.05.02-00.15.10:773][  0]LogSlate: Could not find file for Slate resource: ../../../Engine/Content/Editor/Slate/Common/Selection_16x.png
[2016.05.02-00.15.10:773][  0]LogStreaming:Warning: Failed to read file '../../../Engine/Content/Editor/Slate/Common/Selection_16x.png' error.
[2016.05.02-00.15.10:773][  0]LogSlate: Could not find file for Slate resource: ../../../Engine/Content/Editor/Slate/Common/Selection_16x.png
[2016.05.02-00.15.11:215][  0]LogUdpMessaging: Initializing bridge on interface 0.0.0.0:0 to multicast group 230.0.0.1:6666.
[2016.05.02-00.15.11:309][  0]LogAssetRegistry: FAssetRegistry took 0.0220 seconds to start up
[2016.05.02-00.15.11:412][  0]SourceControl: Info Source control is disabled
[2016.05.02-00.15.11:413][  0]SourceControl: Info Source control is disabled
[2016.05.02-00.15.11:417][  0]SourceControl: Info Source control is disabled
[2016.05.02-00.15.11:421][  0]SourceControl: Info Source control is disabled
[2016.05.02-00.15.11:474][  0]LogHMD: Failed to initialize OpenVR with code 110
[2016.05.02-00.15.11:526][  0]LogEngine: Initializing Engine...
[2016.05.02-00.15.11:641][  0]LogAIModule: Creating AISystem for world NewWorld
[2016.05.02-00.15.11:645][  0]LogInit: XAudio2 using 'Speakers (2- Realtek High Definition Audio)' : 2 channels at 48 kHz using 32 bits per sample (channel mask 0x3)
[2016.05.02-00.15.11:652][  0]LogInit: FAudioDevice initialized.
[2016.05.02-00.15.11:674][  0]LogDerivedDataCache: Saved boot cache 0.02s 46MB C:/Users/dylin_000/AppData/Local/UnrealEngine/4.11/DerivedDataCache/Boot.ddc.
[2016.05.02-00.15.11:679][  0]LogInit: Texture streaming: Enabled
[2016.05.02-00.15.11:691][  0]LogInit: Transaction tracking system initialized
[2016.05.02-00.15.11:702][  0]BlueprintLog: New page: Editor Load
[2016.05.02-00.15.11:832][  0]LocalizationService: Info Localization service is disabled
[2016.05.02-00.15.11:878][  0]LogConsoleResponse:Display: 
[2016.05.02-00.15.11:956][  0]LogCook:Display: Max memory allowance for cook 8192mb
[2016.05.02-00.15.11:956][  0]LogCook:Display: Mobile HDR setting 1
[2016.05.02-00.15.11:956][  0]LogCook:Display: Done creating registry. It took  0.00s.
[2016.05.02-00.15.11:981][  0]LogFileCache: Scanning file cache for directory 'C:/Users/dylin_000/Documents/GitHub/MiceGame/MiceGame/Content/' took 0.01s
[2016.05.02-00.15.11:981][  0]SourceControl: Info Source control is disabled
[2016.05.02-00.15.11:981][  0]Cmd: MAP LOAD FILE="C:/Users/dylin_000/Documents/GitHub/MiceGame/MiceGame/Content/2DSideScrollerBP/Maps/2DSideScrollerExampleMap.umap" TEMPLATE=0 SHOWPROGRESS=1 FEATURELEVEL=3
[2016.05.02-00.15.11:981][  0]LightingResults: New page: Lighting Build
[2016.05.02-00.15.11:983][  0]MapCheck: New page: Map Check
[2016.05.02-00.15.11:983][  0]LightingResults: New page: Lighting Build
[2016.05.02-00.15.12:121][  0]LogAIModule: Creating AISystem for world 2DSideScrollerExampleMap
[2016.05.02-00.15.12:124][  0]LogEditorServer: Finished looking for orphan Actors (0.000 secs)
[2016.05.02-00.15.12:125][  0]Cmd: MAP CHECKDEP NOCLEARLOG
[2016.05.02-00.15.12:149][  0]MapCheck: Info Map check complete: 0 Error(s), 0 Warning(s), took 24.108ms to complete.
[2016.05.02-00.15.12:149][  0]LogFileHelpers: Loading map '2DSideScrollerExampleMap' took 0.168
[2016.05.02-00.15.12:237][  0]LogCollectionManager: Loaded 0 collections in 0.000668 seconds
[2016.05.02-00.15.12:273][  0]LogFileCache: Scanning file cache for directory 'C:/Users/dylin_000/Documents/GitHub/MiceGame/MiceGame/Saved/Collections/' took 0.01s
[2016.05.02-00.15.12:273][  0]LogFileCache: Scanning file cache for directory 'C:/Users/dylin_000/Documents/GitHub/MiceGame/MiceGame/Content/Developers/dylin000/Collections/' took 0.01s
[2016.05.02-00.15.12:273][  0]LogFileCache: Scanning file cache for directory 'C:/Users/dylin_000/Documents/GitHub/MiceGame/MiceGame/Content/Collections/' took 0.01s
[2016.05.02-00.15.12:273][  0]LogCollectionManager: Rebuilt the GUID cache for 0 collections in 0.000002 seconds
[2016.05.02-00.15.12:278][  0]LogContentBrowser: Native class hierarchy populated in 0.0052 seconds. Added 1979 classes and 343 folders.
[2016.05.02-00.15.12:280][  0]LogStats: UGameplayTagsManager::ConstructGameplayTagTree: Construct from data asset -  0.000 s
[2016.05.02-00.15.12:280][  0]LogStats: UGameplayTagsManager::ConstructGameplayTagTree: GameplayTagTreeChangedEvent.Broadcast -  0.000 s
[2016.05.02-00.15.12:280][  0]LogContentBrowser: Native class hierarchy updated for 'GameplayTags' in 0.0003 seconds. Added 12 classes and 0 folders.
[2016.05.02-00.15.12:282][  0]LogContentBrowser: Native class hierarchy updated for 'WidgetCarousel' in 0.0002 seconds. Added 0 classes and 0 folders.
[2016.05.02-00.15.12:285][  0]LogContentBrowser: Native class hierarchy updated for 'SuperSearch' in 0.0002 seconds. Added 1 classes and 2 folders.
[2016.05.02-00.15.12:309][  0]LogContentBrowser: Native class hierarchy updated for 'AddContentDialog' in 0.0003 seconds. Added 0 classes and 0 folders.
[2016.05.02-00.15.12:312][  0]LogContentBrowser: Native class hierarchy updated for 'SceneOutliner' in 0.0002 seconds. Added 1 classes and 2 folders.
[2016.05.02-00.15.12:352][  0]LogCrashTracker: Crashtracker disabled due to settings.
[2016.05.02-00.15.12:355][  0]LogUObjectGlobals:Warning: Failed to find object 'Class None.'
[2016.05.02-00.15.12:379][  0]LogContentBrowser: Native class hierarchy updated for 'HierarchicalLODOutliner' in 0.0003 seconds. Added 1 classes and 2 folders.
[2016.05.02-00.15.12:380][  0]LogLoad: Full Startup: 4.16 seconds (BP compile: 0.02 seconds)
[2016.05.02-00.15.12:380][  0]LogExternalProfiler:Warning: No registered external profiler was matched with a command-line switch (or the DLL could not be loaded).  External profiling features will not be available.
[2016.05.02-00.15.12:388][  0]LogOcInput: OculusInput pre-init called
[2016.05.02-00.15.12:404][  0]LogAssetRegistry: Asset discovery search completed in 1.1173 seconds
[2016.05.02-00.15.12:404][  0]LogCollectionManager: Rebuilt the object cache for 0 collections in 0.000000 seconds (found 0 objects)
[2016.05.02-00.15.12:404][  0]LogCollectionManager: Fixed up redirectors for 0 collections in 0.000013 seconds (updated 0 objects)
[2016.05.02-00.15.12:420][  0]LogContentStreaming: Texture pool size now 1000 MB
[2016.05.02-00.15.12:548][  0]LogRenderer: Reallocating scene render targets to support 1208x576 (Frame:2).
[2016.05.02-00.15.16:857][508]LogEditorViewport: Clicking on Actor (LMB): PaperSpriteActor (Ledge_13)
[2016.05.02-00.15.20:747][959]LogSavePackage: Save=48.70ms
[2016.05.02-00.15.20:747][959]LogSavePackage: Moving 'C:/Users/dylin_000/Documents/GitHub/MiceGame/MiceGame/Saved/2DSideScrollerExampleMap81DDC9C540C507CF634BF5BBD277848C.tmp' to 'C:/Users/dylin_000/Documents/GitHub/MiceGame/MiceGame/Content/2DSideScrollerBP/Maps/2DSideScrollerExampleMap.umap'
[2016.05.02-00.15.20:749][959]LogSavePackage: Total save time: 53.87ms
[2016.05.02-00.15.20:749][959]LogSavePackage:Display: Finished Save